/*C1*/SET SCHEMA SYSTEM_LOBS
INSERT INTO LOB_IDS VALUES(67,0,0,30)
ALTER SEQUENCE SYSTEM_LOBS.LOB_ID RESTART WITH 68
COMMIT
/*C12*/SET SCHEMA PUBLIC
DELETE FROM BOOK WHERE ID=21
INSERT INTO BOOK VALUES(21,67,286,3,3,'Java Generics and Collections',2007,27,NULL,NULL)
DELETE FROM BOOK_AUTHOR WHERE BOOK_ID=21 AND AUTHOR_ID=22
DELETE FROM BOOK_AUTHOR WHERE BOOK_ID=21 AND AUTHOR_ID=23
DELETE FROM BOOK_TAG WHERE BOOK_ID=21 AND TAG_ID=4
SET SCHEMA SYSTEM_LOBS
DELETE FROM LOB_IDS WHERE LOB_ID=66
INSERT INTO LOB_IDS VALUES(66,0,0,30)
DELETE FROM LOB_IDS WHERE LOB_ID=67
INSERT INTO LOB_IDS VALUES(67,0,1,30)
COMMIT
/*C1*/INSERT INTO LOB_IDS VALUES(68,3633,0,30)
ALTER SEQUENCE SYSTEM_LOBS.LOB_ID RESTART WITH 69
COMMIT
DELETE FROM BLOCKS WHERE BLOCK_ADDR=46
INSERT INTO BLOCKS VALUES(46,1,0)
INSERT INTO BLOCKS VALUES(47,2147483600,0)
DELETE FROM BLOCKS WHERE BLOCK_ADDR=46
INSERT INTO LOBS VALUES(46,1,0,68)
COMMIT
INSERT INTO PARTS VALUES(1,0,0,3633,1123,68)
COMMIT
/*C12*/SET SCHEMA PUBLIC
INSERT INTO DESCRIPT VALUES(28,68)
SET SCHEMA SYSTEM_LOBS
DELETE FROM LOB_IDS WHERE LOB_ID=68
INSERT INTO LOB_IDS VALUES(68,3633,1,30)
SET SCHEMA PUBLIC
ALTER SEQUENCE PUBLIC.HIBERNATE_SEQUENCE RESTART WITH 29
COMMIT
/*C1*/INSERT INTO LOB_IDS VALUES(69,0,0,30)
ALTER SEQUENCE SYSTEM_LOBS.LOB_ID RESTART WITH 70
COMMIT
/*C12*/DELETE FROM BOOK WHERE ID=21
INSERT INTO BOOK VALUES(21,69,286,3,3,'Java Generics and Collections',2007,28,NULL,NULL)
SET SCHEMA SYSTEM_LOBS
DELETE FROM LOB_IDS WHERE LOB_ID=67
INSERT INTO LOB_IDS VALUES(67,0,0,30)
DELETE FROM LOB_IDS WHERE LOB_ID=69
INSERT INTO LOB_IDS VALUES(69,0,1,30)
COMMIT
SET SCHEMA PUBLIC
INSERT INTO BOOK_AUTHOR VALUES(21,22)
COMMIT
INSERT INTO BOOK_AUTHOR VALUES(21,23)
COMMIT
INSERT INTO BOOK_TAG VALUES(21,4)
COMMIT
/*C1*/INSERT INTO LOB_IDS VALUES(70,0,0,30)
ALTER SEQUENCE SYSTEM_LOBS.LOB_ID RESTART WITH 71
COMMIT
/*C12*/DELETE FROM BOOK WHERE ID=21
INSERT INTO BOOK VALUES(21,70,286,3,3,'Java Generics and Collections',2007,28,NULL,19)
SET SCHEMA SYSTEM_LOBS
DELETE FROM LOB_IDS WHERE LOB_ID=69
INSERT INTO LOB_IDS VALUES(69,0,0,30)
DELETE FROM LOB_IDS WHERE LOB_ID=70
INSERT INTO LOB_IDS VALUES(70,0,1,30)
COMMIT
/*C1*/INSERT INTO LOB_IDS VALUES(71,0,0,30)
ALTER SEQUENCE SYSTEM_LOBS.LOB_ID RESTART WITH 72
COMMIT
/*C12*/SET SCHEMA PUBLIC
DELETE FROM BOOK WHERE ID=21
INSERT INTO BOOK VALUES(21,71,286,3,3,'Java Generics and Collections',2007,28,20,19)
SET SCHEMA SYSTEM_LOBS
DELETE FROM LOB_IDS WHERE LOB_ID=70
INSERT INTO LOB_IDS VALUES(70,0,0,30)
DELETE FROM LOB_IDS WHERE LOB_ID=71
INSERT INTO LOB_IDS VALUES(71,0,1,30)
COMMIT
SET SCHEMA PUBLIC
DISCONNECT
/*C13*/SET SCHEMA PUBLIC
DISCONNECT
/*C14*/SET SCHEMA PUBLIC
DISCONNECT
/*C15*/SET SCHEMA PUBLIC
DISCONNECT
/*C16*/SET SCHEMA PUBLIC
DISCONNECT
/*C17*/SET SCHEMA PUBLIC
DISCONNECT
/*C18*/SET SCHEMA PUBLIC
DISCONNECT
/*C19*/SET SCHEMA PUBLIC
DISCONNECT
/*C20*/SET SCHEMA PUBLIC
DISCONNECT
/*C21*/SET SCHEMA PUBLIC
DISCONNECT
